# JRE version: OpenJDK Runtime Environment Temurin-17.0.3+7 (17.0.3+7) (build 17.0.3+7)
# Java VM: OpenJDK 64-Bit Server VM Temurin-17.0.3+7 (17.0.3+7, mixed mode, emulated-client, tiered, compressed oops, compressed class ptrs, g1 gc, windows-amd64)
GC Precious Log:
 CPUs: 4 total, 4 available
 Memory: 7862M
 Large Page Support: Disabled
 NUMA Support: Disabled
 Compressed Oops: Enabled (32-bit)
 Heap Region Size: 1M
 Heap Min Capacity: 8M
 Heap Initial Capacity: 124M
 Heap Max Capacity: 1966M
 Pre-touch: Disabled
 Parallel Workers: 4
 Concurrent Workers: 1
 Concurrent Refinement Workers: 4
 Periodic GC: Disabled
Heap:
 garbage-first heap   total 60416K, used 20113K [0x0000000085200000, 0x0000000100000000)
  region size 1024K, 1 young (1024K), 0 survivors (0K)
 Metaspace       used 38904K, committed 39360K, reserved 1089536K
  class space    used 4900K, committed 5120K, reserved 1048576K
GC Heap History (20 events):
Event: 3102.798 GC heap before
{Heap before GC invocations=311 (full 294):
 garbage-first heap   total 60416K, used 20113K [0x0000000085200000, 0x0000000100000000)
  region size 1024K, 1 young (1024K), 0 survivors (0K)
 Metaspace       used 38904K, committed 39360K, reserved 1089536K
  class space    used 4900K, committed 5120K, reserved 1048576K
}
Event: 3102.832 GC heap after
{Heap after GC invocations=312 (full 295):
 garbage-first heap   total 60416K, used 20113K [0x0000000085200000, 0x0000000100000000)
  region size 1024K, 0 young (0K), 0 survivors (0K)
 Metaspace       used 38904K, committed 39360K, reserved 1089536K
  class space    used 4900K, committed 5120K, reserved 1048576K
}
Event: 3113.164 GC heap before
{Heap before GC invocations=312 (full 295):
 garbage-first heap   total 60416K, used 20113K [0x0000000085200000, 0x0000000100000000)
  region size 1024K, 1 young (1024K), 0 survivors (0K)
 Metaspace       used 38904K, committed 39360K, reserved 1089536K
  class space    used 4900K, committed 5120K, reserved 1048576K
}
Event: 3113.202 GC heap after
{Heap after GC invocations=313 (full 296):
 garbage-first heap   total 60416K, used 20113K [0x0000000085200000, 0x0000000100000000)
  region size 1024K, 0 young (0K), 0 survivors (0K)
 Metaspace       used 38904K, committed 39360K, reserved 1089536K
  class space    used 4900K, committed 5120K, reserved 1048576K
}
Event: 3123.549 GC heap before
{Heap before GC invocations=313 (full 296):
 garbage-first heap   total 60416K, used 20113K [0x0000000085200000, 0x0000000100000000)
  region size 1024K, 1 young (1024K), 0 survivors (0K)
 Metaspace       used 38904K, committed 39360K, reserved 1089536K
  class space    used 4900K, committed 5120K, reserved 1048576K
}
Event: 3123.584 GC heap after
{Heap after GC invocations=314 (full 297):
 garbage-first heap   total 60416K, used 20113K [0x0000000085200000, 0x0000000100000000)
  region size 1024K, 0 young (0K), 0 survivors (0K)
 Metaspace       used 38904K, committed 39360K, reserved 1089536K
  class space    used 4900K, committed 5120K, reserved 1048576K
}
Event: 3133.913 GC heap before
{Heap before GC invocations=314 (full 297):
 garbage-first heap   total 60416K, used 20113K [0x0000000085200000, 0x0000000100000000)
  region size 1024K, 1 young (1024K), 0 survivors (0K)
 Metaspace       used 38904K, committed 39360K, reserved 1089536K
  class space    used 4900K, committed 5120K, reserved 1048576K
}
Event: 3133.948 GC heap after
{Heap after GC invocations=315 (full 298):
 garbage-first heap   total 60416K, used 20113K [0x0000000085200000, 0x0000000100000000)
  region size 1024K, 0 young (0K), 0 survivors (0K)
 Metaspace       used 38904K, committed 39360K, reserved 1089536K
  class space    used 4900K, committed 5120K, reserved 1048576K
}
Event: 3144.265 GC heap before
{Heap before GC invocations=315 (full 298):
 garbage-first heap   total 60416K, used 20113K [0x0000000085200000, 0x0000000100000000)
  region size 1024K, 1 young (1024K), 0 survivors (0K)
 Metaspace       used 38904K, committed 39360K, reserved 1089536K
  class space    used 4900K, committed 5120K, reserved 1048576K
}
Event: 3144.302 GC heap after
{Heap after GC invocations=316 (full 299):
 garbage-first heap   total 60416K, used 20113K [0x0000000085200000, 0x0000000100000000)
  region size 1024K, 0 young (0K), 0 survivors (0K)
 Metaspace       used 38904K, committed 39360K, reserved 1089536K
  class space    used 4900K, committed 5120K, reserved 1048576K
}
Event: 3154.640 GC heap before
{Heap before GC invocations=316 (full 299):
 garbage-first heap   total 60416K, used 20113K [0x0000000085200000, 0x0000000100000000)
  region size 1024K, 1 young (1024K), 0 survivors (0K)
 Metaspace       used 38904K, committed 39360K, reserved 1089536K
  class space    used 4900K, committed 5120K, reserved 1048576K
}
Event: 3154.675 GC heap after
{Heap after GC invocations=317 (full 300):
 garbage-first heap   total 60416K, used 20113K [0x0000000085200000, 0x0000000100000000)
  region size 1024K, 0 young (0K), 0 survivors (0K)
 Metaspace       used 38904K, committed 39360K, reserved 1089536K
  class space    used 4900K, committed 5120K, reserved 1048576K
}
Event: 3165.007 GC heap before
{Heap before GC invocations=317 (full 300):
 garbage-first heap   total 60416K, used 20113K [0x0000000085200000, 0x0000000100000000)
  region size 1024K, 1 young (1024K), 0 survivors (0K)
 Metaspace       used 38904K, committed 39360K, reserved 1089536K
  class space    used 4900K, committed 5120K, reserved 1048576K
}
Event: 3165.044 GC heap after
{Heap after GC invocations=318 (full 301):
 garbage-first heap   total 60416K, used 20113K [0x0000000085200000, 0x0000000100000000)
  region size 1024K, 0 young (0K), 0 survivors (0K)
 Metaspace       used 38904K, committed 39360K, reserved 1089536K
  class space    used 4900K, committed 5120K, reserved 1048576K
}
Event: 3175.361 GC heap before
{Heap before GC invocations=318 (full 301):
 garbage-first heap   total 60416K, used 20113K [0x0000000085200000, 0x0000000100000000)
  region size 1024K, 1 young (1024K), 0 survivors (0K)
 Metaspace       used 38904K, committed 39360K, reserved 1089536K
  class space    used 4900K, committed 5120K, reserved 1048576K
}
Event: 3175.395 GC heap after
{Heap after GC invocations=319 (full 302):
 garbage-first heap   total 60416K, used 20113K [0x0000000085200000, 0x0000000100000000)
  region size 1024K, 0 young (0K), 0 survivors (0K)
 Metaspace       used 38904K, committed 39360K, reserved 1089536K
  class space    used 4900K, committed 5120K, reserved 1048576K
}
Event: 3185.725 GC heap before
{Heap before GC invocations=319 (full 302):
 garbage-first heap   total 60416K, used 20113K [0x0000000085200000, 0x0000000100000000)
  region size 1024K, 1 young (1024K), 0 survivors (0K)
 Metaspace       used 38904K, committed 39360K, reserved 1089536K
  class space    used 4900K, committed 5120K, reserved 1048576K
}
Event: 3185.762 GC heap after
{Heap after GC invocations=320 (full 303):
 garbage-first heap   total 60416K, used 20113K [0x0000000085200000, 0x0000000100000000)
  region size 1024K, 0 young (0K), 0 survivors (0K)
 Metaspace       used 38904K, committed 39360K, reserved 1089536K
  class space    used 4900K, committed 5120K, reserved 1048576K
}
Event: 3196.090 GC heap before
{Heap before GC invocations=320 (full 303):
 garbage-first heap   total 60416K, used 20113K [0x0000000085200000, 0x0000000100000000)
  region size 1024K, 1 young (1024K), 0 survivors (0K)
 Metaspace       used 38904K, committed 39360K, reserved 1089536K
  class space    used 4900K, committed 5120K, reserved 1048576K
}
Event: 3196.126 GC heap after
{Heap after GC invocations=321 (full 304):
 garbage-first heap   total 60416K, used 20113K [0x0000000085200000, 0x0000000100000000)
  region size 1024K, 0 young (0K), 0 survivors (0K)
 Metaspace       used 38904K, committed 39360K, reserved 1089536K
  class space    used 4900K, committed 5120K, reserved 1048576K
}

